2019-03-23 23:19:52.516 INFO [restartedMain]com.djcps.library.Run.logStarting:50 -Starting Run on zh with PID 260 (D:\work\java\eclipse-workspace\dj_library\target\classes started by 61929 in D:\work\java\eclipse-workspace\dj_library)
2019-03-23 23:19:52.519 INFO [restartedMain]com.djcps.library.Run.logStartupProfileInfo:654 -No active profile set, falling back to default profiles: default
2019-03-23 23:19:52.660 INFO [restartedMain]o.s.b.w.s.c.AnnotationConfigServletWebServerApplicationContext.prepareRefresh:588 -Refreshing org.springframework.boot.web.servlet.context.AnnotationConfigServletWebServerApplicationContext@4f3f645e: startup date [Sat Mar 23 23:19:52 GMT+08:00 2019]; root of context hierarchy
2019-03-23 23:19:53.894 INFO [restartedMain]o.s.d.repository.config.RepositoryConfigurationDelegate.multipleStoresDetected:172 -Multiple Spring Data modules found, entering strict repository configuration mode!
2019-03-23 23:19:54.630 INFO [restartedMain]o.s.c.s.PostProcessorRegistrationDelegate$BeanPostProcessorChecker.postProcessAfterInitialization:326 -Bean 'org.springframework.transaction.annotation.ProxyTransactionManagementConfiguration' of type [org.springframework.transaction.annotation.ProxyTransactionManagementConfiguration$$EnhancerBySpringCGLIB$$c256fccb] is not eligible for getting processed by all BeanPostProcessors (for example: not eligible for auto-proxying)
2019-03-23 23:19:55.631 INFO [restartedMain]o.s.boot.web.embedded.tomcat.TomcatWebServer.initialize:91 -Tomcat initialized with port(s): 8080 (http)
2019-03-23 23:19:55.658 INFO [restartedMain]org.apache.coyote.http11.Http11NioProtocol.log:180 -Initializing ProtocolHandler ["http-nio-8080"]
2019-03-23 23:19:55.681 INFO [restartedMain]org.apache.catalina.core.StandardService.log:180 -Starting service [Tomcat]
2019-03-23 23:19:55.682 INFO [restartedMain]org.apache.catalina.core.StandardEngine.log:180 -Starting Servlet Engine: Apache Tomcat/8.5.35
2019-03-23 23:19:55.697 INFO [localhost-startStop-1]org.apache.catalina.core.AprLifecycleListener.log:180 -The APR based Apache Tomcat Native library which allows optimal performance in production environments was not found on the java.library.path: [D:\work\java\jdk1.8\bin;C:\windows\Sun\Java\bin;C:\windows\system32;C:\windows;D:/work/java/jdk1.8/bin/../jre/bin/server;D:/work/java/jdk1.8/bin/../jre/bin;D:/work/java/jdk1.8/bin/../jre/lib/amd64;C:\Program Files (x86)\Common Files\Oracle\Java\javapath;C:\windows\system32;C:\windows;C:\windows\System32\Wbem;C:\windows\System32\WindowsPowerShell\v1.0\;C:\windows\System32\OpenSSH\;C:\Program Files (x86)\NVIDIA Corporation\PhysX\Common;C:\Program Files\Intel\WiFi\bin\;C:\Program Files\Common Files\Intel\WirelessCommon\;D:\work\java\jdk1.8\bin;D:\work\Maven\apache-maven-3.6.0\bin;D:\work\Mysql server\bin;C:\Users\61929\AppData\Local\Microsoft\WindowsApps;;D:\work\java\eclipse;;.]
2019-03-23 23:19:55.933 INFO [localhost-startStop-1]o.a.catalina.core.ContainerBase.[Tomcat].[localhost].[/].log:180 -Initializing Spring embedded WebApplicationContext
2019-03-23 23:19:55.933 INFO [localhost-startStop-1]org.springframework.web.context.ContextLoader.prepareWebApplicationContext:296 -Root WebApplicationContext: initialization completed in 3273 ms
2019-03-23 23:19:56.022 INFO [localhost-startStop-1]o.s.boot.web.servlet.ServletRegistrationBean.addRegistration:187 -Servlet dispatcherServlet mapped to [/]
2019-03-23 23:19:56.025 INFO [localhost-startStop-1]o.s.boot.web.servlet.FilterRegistrationBean.configure:245 -Mapping filter: 'characterEncodingFilter' to: [/*]
2019-03-23 23:19:56.026 INFO [localhost-startStop-1]o.s.boot.web.servlet.FilterRegistrationBean.configure:245 -Mapping filter: 'hiddenHttpMethodFilter' to: [/*]
2019-03-23 23:19:56.026 INFO [localhost-startStop-1]o.s.boot.web.servlet.FilterRegistrationBean.configure:245 -Mapping filter: 'httpPutFormContentFilter' to: [/*]
2019-03-23 23:19:56.026 INFO [localhost-startStop-1]o.s.boot.web.servlet.FilterRegistrationBean.configure:245 -Mapping filter: 'requestContextFilter' to: [/*]
2019-03-23 23:19:56.801 INFO [restartedMain]o.s.web.servlet.handler.SimpleUrlHandlerMapping.registerHandler:373 -Mapped URL path [/**/favicon.ico] onto handler of type [class org.springframework.web.servlet.resource.ResourceHttpRequestHandler]
2019-03-23 23:19:57.370 INFO [restartedMain]o.s.w.s.m.method.annotation.RequestMappingHandlerAdapter.initControllerAdviceCache:588 -Looking for @ControllerAdvice: org.springframework.boot.web.servlet.context.AnnotationConfigServletWebServerApplicationContext@4f3f645e: startup date [Sat Mar 23 23:19:52 GMT+08:00 2019]; root of context hierarchy
2019-03-23 23:19:57.504 INFO [restartedMain]o.s.w.s.m.method.annotation.RequestMappingHandlerMapping.register:550 -Mapped "{[/dj_library/admin/findBookByBarCode]}" onto public com.djcps.library.common.RetResult<com.djcps.library.model.Book> com.djcps.library.controller.AdminController.findBookByBarCode(java.lang.String)
2019-03-23 23:19:57.508 INFO [restartedMain]o.s.w.s.m.method.annotation.RequestMappingHandlerMapping.register:550 -Mapped "{[/dj_library/admin/delBook]}" onto public com.djcps.library.common.RetResult<java.lang.String> com.djcps.library.controller.AdminController.delBook(javax.servlet.http.HttpServletRequest)
2019-03-23 23:19:57.509 INFO [restartedMain]o.s.w.s.m.method.annotation.RequestMappingHandlerMapping.register:550 -Mapped "{[/dj_library/admin/isAllowBorrow]}" onto public com.djcps.library.common.RetResult<java.lang.String> com.djcps.library.controller.AdminController.isAllowBorrow(java.lang.Integer,java.lang.Integer)
2019-03-23 23:19:57.509 INFO [restartedMain]o.s.w.s.m.method.annotation.RequestMappingHandlerMapping.register:550 -Mapped "{[/dj_library/admin/updateBook],methods=[POST]}" onto public com.djcps.library.common.RetResult<java.lang.String> com.djcps.library.controller.AdminController.updateBookMsg(org.springframework.web.multipart.MultipartFile,javax.servlet.http.HttpServletRequest)
2019-03-23 23:19:57.510 INFO [restartedMain]o.s.w.s.m.method.annotation.RequestMappingHandlerMapping.register:550 -Mapped "{[/dj_library/admin/adminLoginPage],methods=[GET]}" onto public org.springframework.web.servlet.ModelAndView com.djcps.library.controller.AdminController.adminLoginPage()
2019-03-23 23:19:57.510 INFO [restartedMain]o.s.w.s.m.method.annotation.RequestMappingHandlerMapping.register:550 -Mapped "{[/dj_library/admin/getBorrowBookMsg]}" onto public com.djcps.library.common.RetResult<com.djcps.library.model.vo.PageVo> com.djcps.library.controller.AdminController.getBorrowBookMsg(int)
2019-03-23 23:19:57.511 INFO [restartedMain]o.s.w.s.m.method.annotation.RequestMappingHandlerMapping.register:550 -Mapped "{[/dj_library/admin/addBook],methods=[POST]}" onto public com.djcps.library.common.RetResult<java.lang.String> com.djcps.library.controller.AdminController.addBookMsg(org.springframework.web.multipart.MultipartFile,javax.servlet.http.HttpServletRequest)
2019-03-23 23:19:57.511 INFO [restartedMain]o.s.w.s.m.method.annotation.RequestMappingHandlerMapping.register:550 -Mapped "{[/dj_library/admin/isAdminExist]}" onto public com.djcps.library.common.RetResult<java.lang.String> com.djcps.library.controller.AdminController.adminIsExist(java.lang.String)
2019-03-23 23:19:57.511 INFO [restartedMain]o.s.w.s.m.method.annotation.RequestMappingHandlerMapping.register:550 -Mapped "{[/dj_library/admin/userList]}" onto public com.djcps.library.common.RetResult<com.djcps.library.model.vo.PageVo> com.djcps.library.controller.AdminController.userList(int)
2019-03-23 23:19:57.511 INFO [restartedMain]o.s.w.s.m.method.annotation.RequestMappingHandlerMapping.register:550 -Mapped "{[/dj_library/admin/adminLogin]}" onto public com.djcps.library.common.RetResult<java.lang.Object> com.djcps.library.controller.AdminController.adminLogin(java.lang.String,java.lang.String,javax.servlet.http.HttpServletRequest)
2019-03-23 23:19:57.512 INFO [restartedMain]o.s.w.s.m.method.annotation.RequestMappingHandlerMapping.register:550 -Mapped "{[/dj_library/admin/returnBookmsg]}" onto public com.djcps.library.common.RetResult<com.djcps.library.model.Book> com.djcps.library.controller.AdminController.returnBookMsg(java.lang.Integer)
2019-03-23 23:19:57.512 INFO [restartedMain]o.s.w.s.m.method.annotation.RequestMappingHandlerMapping.register:550 -Mapped "{[/dj_library/admin/autoSortScore]}" onto public com.djcps.library.common.RetResult<com.djcps.library.model.vo.PageVo> com.djcps.library.controller.AdminController.autoSortScore(int)
2019-03-23 23:19:57.514 INFO [restartedMain]o.s.w.s.m.method.annotation.RequestMappingHandlerMapping.register:550 -Mapped "{[/dj_library/book/findBookByOnRecently]}" onto public com.djcps.library.common.RetResult<java.util.List<com.djcps.library.model.Book>> com.djcps.library.controller.BookController.findBookByOnRecently()
2019-03-23 23:19:57.515 INFO [restartedMain]o.s.w.s.m.method.annotation.RequestMappingHandlerMapping.register:550 -Mapped "{[/dj_library/book/getBookListBybookCondition]}" onto public com.djcps.library.common.RetResult<com.djcps.library.model.vo.PageVo> com.djcps.library.controller.BookController.getBookListBybookCondition(java.lang.String,java.lang.String,java.lang.Integer,int)
2019-03-23 23:19:57.516 INFO [restartedMain]o.s.w.s.m.method.annotation.RequestMappingHandlerMapping.register:550 -Mapped "{[/dj_library/book/findBookByOnsaleDate]}" onto public com.djcps.library.common.RetResult<com.djcps.library.model.vo.PageVo> com.djcps.library.controller.BookController.findBookByTheOnSaleDate(int)
2019-03-23 23:19:57.516 INFO [restartedMain]o.s.w.s.m.method.annotation.RequestMappingHandlerMapping.register:550 -Mapped "{[/dj_library/book/listBook]}" onto public com.djcps.library.common.RetResult<com.djcps.library.model.vo.PageVo> com.djcps.library.controller.BookController.listBookByPageNum(int)
2019-03-23 23:19:57.517 INFO [restartedMain]o.s.w.s.m.method.annotation.RequestMappingHandlerMapping.register:550 -Mapped "{[/dj_library/book/findHotBook]}" onto public com.djcps.library.common.RetResult<com.djcps.library.model.vo.PageVo> com.djcps.library.controller.BookController.findHotBook(int)
2019-03-23 23:19:57.517 INFO [restartedMain]o.s.w.s.m.method.annotation.RequestMappingHandlerMapping.register:550 -Mapped "{[/dj_library/book/allBook]}" onto public com.djcps.library.common.RetResult<java.util.List<com.djcps.library.model.Book>> com.djcps.library.controller.BookController.allBook()
2019-03-23 23:19:57.518 INFO [restartedMain]o.s.w.s.m.method.annotation.RequestMappingHandlerMapping.register:550 -Mapped "{[/dj_library/borrowing/allBorrowBooksRecordPage]}" onto public com.djcps.library.common.RetResult<com.djcps.library.model.vo.PageVo> com.djcps.library.controller.BorrowingController.allBorrowingBooksRecordPage(int)
2019-03-23 23:19:57.519 INFO [restartedMain]o.s.w.s.m.method.annotation.RequestMappingHandlerMapping.register:550 -Mapped "{[/index]}" onto public org.springframework.web.servlet.ModelAndView com.djcps.library.controller.IndexController.index()
2019-03-23 23:19:57.520 INFO [restartedMain]o.s.w.s.m.method.annotation.RequestMappingHandlerMapping.register:550 -Mapped "{[/]}" onto public org.springframework.web.servlet.ModelAndView com.djcps.library.controller.IndexController.index1()
2019-03-23 23:19:57.521 INFO [restartedMain]o.s.w.s.m.method.annotation.RequestMappingHandlerMapping.register:550 -Mapped "{[/dj_library/login]}" onto public com.djcps.library.common.RetResult<java.lang.Object> com.djcps.library.controller.LoginController.release(javax.servlet.http.HttpServletRequest)
2019-03-23 23:19:57.524 INFO [restartedMain]o.s.w.s.m.method.annotation.RequestMappingHandlerMapping.register:550 -Mapped "{[/dj_library/user/findBooksByBookName],methods=[GET || POST]}" onto public com.djcps.library.common.RetResult<java.util.List<com.djcps.library.model.Book>> com.djcps.library.controller.UserController.findBooksByBookName(javax.servlet.http.HttpServletRequest)
2019-03-23 23:19:57.525 INFO [restartedMain]o.s.w.s.m.method.annotation.RequestMappingHandlerMapping.register:550 -Mapped "{[/dj_library/user/getBorrowedMsgBybookId],methods=[GET || POST]}" onto public com.djcps.library.common.RetResult<com.djcps.library.model.vo.BookVo> com.djcps.library.controller.UserController.getBorrowedMsgBybookId(java.lang.Integer)
2019-03-23 23:19:57.525 INFO [restartedMain]o.s.w.s.m.method.annotation.RequestMappingHandlerMapping.register:550 -Mapped "{[/dj_library/user/updateUserByphone],methods=[GET || POST]}" onto public com.djcps.library.common.RetResult<java.lang.String> com.djcps.library.controller.UserController.updateUserByphone(java.lang.String,java.lang.String,java.lang.String)
2019-03-23 23:19:57.526 INFO [restartedMain]o.s.w.s.m.method.annotation.RequestMappingHandlerMapping.register:550 -Mapped "{[/dj_library/user/continueBorrowBook],methods=[GET || POST]}" onto public com.djcps.library.common.RetResult<java.lang.String> com.djcps.library.controller.UserController.continueBorrowBook(javax.servlet.http.HttpServletRequest)
2019-03-23 23:19:57.526 INFO [restartedMain]o.s.w.s.m.method.annotation.RequestMappingHandlerMapping.register:550 -Mapped "{[/dj_library/user/getBorrowBookMsgByUserId],methods=[GET || POST]}" onto public com.djcps.library.common.RetResult<com.djcps.library.model.vo.PageVo> com.djcps.library.controller.UserController.getBorrowBookMsgByUserId(int,javax.servlet.http.HttpServletRequest)
2019-03-23 23:19:57.527 INFO [restartedMain]o.s.w.s.m.method.annotation.RequestMappingHandlerMapping.register:550 -Mapped "{[/dj_library/user/isRightPassword],methods=[GET || POST]}" onto public com.djcps.library.common.RetResult<java.lang.String> com.djcps.library.controller.UserController.isRightPassword(java.lang.String,java.lang.String)
2019-03-23 23:19:57.527 INFO [restartedMain]o.s.w.s.m.method.annotation.RequestMappingHandlerMapping.register:550 -Mapped "{[/dj_library/user/isUserExist],methods=[GET || POST]}" onto public com.djcps.library.common.RetResult<java.lang.String> com.djcps.library.controller.UserController.isUserExist(java.lang.String)
2019-03-23 23:19:57.528 INFO [restartedMain]o.s.w.s.m.method.annotation.RequestMappingHandlerMapping.register:550 -Mapped "{[/dj_library/user/userRegister],methods=[GET || POST]}" onto public com.djcps.library.common.RetResult<java.lang.String> com.djcps.library.controller.UserController.registerUser(java.lang.String,java.lang.String,java.lang.String)
2019-03-23 23:19:57.528 INFO [restartedMain]o.s.w.s.m.method.annotation.RequestMappingHandlerMapping.register:550 -Mapped "{[/dj_library/user/userLogOut],methods=[GET || POST]}" onto public void com.djcps.library.controller.UserController.userLogOut(javax.servlet.http.HttpServletRequest)
2019-03-23 23:19:57.529 INFO [restartedMain]o.s.w.s.m.method.annotation.RequestMappingHandlerMapping.register:550 -Mapped "{[/dj_library/user/userMessagePage],methods=[GET || POST]}" onto public com.djcps.library.common.RetResult<com.djcps.library.model.User> com.djcps.library.controller.UserController.userMessagePage(javax.servlet.http.HttpServletRequest)
2019-03-23 23:19:57.529 INFO [restartedMain]o.s.w.s.m.method.annotation.RequestMappingHandlerMapping.register:550 -Mapped "{[/dj_library/user/userLogin],methods=[GET || POST]}" onto public com.djcps.library.common.RetResult<java.lang.Object> com.djcps.library.controller.UserController.userLogin(java.lang.String,java.lang.String,javax.servlet.http.HttpServletRequest)
2019-03-23 23:19:57.530 INFO [restartedMain]o.s.w.s.m.method.annotation.RequestMappingHandlerMapping.register:550 -Mapped "{[/dj_library/user/borrowing],methods=[GET || POST]}" onto public com.djcps.library.common.RetResult<java.lang.String> com.djcps.library.controller.UserController.userBorrowBook(javax.servlet.http.HttpServletRequest)
2019-03-23 23:19:57.531 INFO [restartedMain]o.s.w.s.m.method.annotation.RequestMappingHandlerMapping.register:550 -Mapped "{[/dj_library/user/returnBook],methods=[GET || POST]}" onto public com.djcps.library.common.RetResult<java.lang.String> com.djcps.library.controller.UserController.userReturnBook(java.lang.Integer)
2019-03-23 23:19:57.531 INFO [restartedMain]o.s.w.s.m.method.annotation.RequestMappingHandlerMapping.register:550 -Mapped "{[/dj_library/user/borrowingPage],methods=[GET || POST]}" onto public com.djcps.library.common.RetResult<java.lang.String> com.djcps.library.controller.UserController.borrowing()
2019-03-23 23:19:57.533 INFO [restartedMain]o.s.w.s.m.method.annotation.RequestMappingHandlerMapping.register:550 -Mapped "{[/error]}" onto public org.springframework.http.ResponseEntity<java.util.Map<java.lang.String, java.lang.Object>> org.springframework.boot.autoconfigure.web.servlet.error.BasicErrorController.error(javax.servlet.http.HttpServletRequest)
2019-03-23 23:19:57.534 INFO [restartedMain]o.s.w.s.m.method.annotation.RequestMappingHandlerMapping.register:550 -Mapped "{[/error],produces=[text/html]}" onto public org.springframework.web.servlet.ModelAndView org.springframework.boot.autoconfigure.web.servlet.error.BasicErrorController.errorHtml(javax.servlet.http.HttpServletRequest,javax.servlet.http.HttpServletResponse)
2019-03-23 23:19:57.568 INFO [restartedMain]o.s.web.servlet.handler.SimpleUrlHandlerMapping.registerHandler:373 -Mapped URL path [/webjars/**] onto handler of type [class org.springframework.web.servlet.resource.ResourceHttpRequestHandler]
2019-03-23 23:19:57.568 INFO [restartedMain]o.s.web.servlet.handler.SimpleUrlHandlerMapping.registerHandler:373 -Mapped URL path [/**] onto handler of type [class org.springframework.web.servlet.resource.ResourceHttpRequestHandler]
2019-03-23 23:19:57.629 INFO [restartedMain]o.s.w.s.m.m.annotation.ExceptionHandlerExceptionResolver.initExceptionHandlerAdviceCache:288 -Detected @ExceptionHandler methods in controllerExceptionHandleAdvice
2019-03-23 23:19:57.691 WARN [restartedMain]o.s.b.a.t.ThymeleafAutoConfiguration$DefaultTemplateResolverConfiguration.checkTemplateLocationExists:107 -Cannot find template location: classpath:/templates/ (please add some templates or check your Thymeleaf configuration)
2019-03-23 23:19:57.721 WARN [restartedMain]org.thymeleaf.templatemode.TemplateMode.parse:150 -[THYMELEAF][restartedMain] Template Mode 'HTML5' is deprecated. Using Template Mode 'HTML' instead.
2019-03-23 23:19:58.788 INFO [restartedMain]o.s.boot.devtools.autoconfigure.OptionalLiveReloadServer.startServer:57 -LiveReload server is running on port 35729
2019-03-23 23:19:58.838 INFO [restartedMain]o.s.jmx.export.annotation.AnnotationMBeanExporter.afterSingletonsInstantiated:433 -Registering beans for JMX exposure on startup
2019-03-23 23:19:58.842 INFO [restartedMain]o.s.jmx.export.annotation.AnnotationMBeanExporter.autodetect:895 -Bean with name 'dataSource' has been autodetected for JMX exposure
2019-03-23 23:19:58.849 INFO [restartedMain]o.s.jmx.export.annotation.AnnotationMBeanExporter.registerBeanInstance:668 -Located MBean 'dataSource': registering with JMX server as MBean [com.alibaba.druid.pool:name=dataSource,type=DruidDataSource]
2019-03-23 23:19:58.869 INFO [restartedMain]org.apache.coyote.http11.Http11NioProtocol.log:180 -Starting ProtocolHandler ["http-nio-8080"]
2019-03-23 23:19:59.680 INFO [restartedMain]org.apache.tomcat.util.net.NioSelectorPool.log:180 -Using a shared selector for servlet write/read
2019-03-23 23:19:59.711 INFO [restartedMain]o.s.boot.web.embedded.tomcat.TomcatWebServer.start:206 -Tomcat started on port(s): 8080 (http) with context path ''
2019-03-23 23:19:59.716 INFO [restartedMain]com.djcps.library.Run.logStarted:59 -Started Run in 7.836 seconds (JVM running for 8.529)
2019-03-23 23:40:41.094 INFO [restartedMain]com.djcps.library.Run.logStarting:50 -Starting Run on zh with PID 5668 (D:\work\java\eclipse-workspace\dj_library\target\classes started by 61929 in D:\work\java\eclipse-workspace\dj_library)
2019-03-23 23:40:41.104 INFO [restartedMain]com.djcps.library.Run.logStartupProfileInfo:654 -No active profile set, falling back to default profiles: default
2019-03-23 23:40:41.221 INFO [restartedMain]o.s.b.w.s.c.AnnotationConfigServletWebServerApplicationContext.prepareRefresh:588 -Refreshing org.springframework.boot.web.servlet.context.AnnotationConfigServletWebServerApplicationContext@277f66b8: startup date [Sat Mar 23 23:40:41 GMT+08:00 2019]; root of context hierarchy
2019-03-23 23:40:42.141 INFO [restartedMain]o.s.d.repository.config.RepositoryConfigurationDelegate.multipleStoresDetected:172 -Multiple Spring Data modules found, entering strict repository configuration mode!
2019-03-23 23:40:42.685 INFO [restartedMain]o.s.c.s.PostProcessorRegistrationDelegate$BeanPostProcessorChecker.postProcessAfterInitialization:326 -Bean 'org.springframework.transaction.annotation.ProxyTransactionManagementConfiguration' of type [org.springframework.transaction.annotation.ProxyTransactionManagementConfiguration$$EnhancerBySpringCGLIB$$5e0067b7] is not eligible for getting processed by all BeanPostProcessors (for example: not eligible for auto-proxying)
2019-03-23 23:40:43.601 INFO [restartedMain]o.s.boot.web.embedded.tomcat.TomcatWebServer.initialize:91 -Tomcat initialized with port(s): 8080 (http)
2019-03-23 23:40:43.622 INFO [restartedMain]org.apache.coyote.http11.Http11NioProtocol.log:180 -Initializing ProtocolHandler ["http-nio-8080"]
2019-03-23 23:40:43.656 INFO [restartedMain]org.apache.catalina.core.StandardService.log:180 -Starting service [Tomcat]
2019-03-23 23:40:43.656 INFO [restartedMain]org.apache.catalina.core.StandardEngine.log:180 -Starting Servlet Engine: Apache Tomcat/8.5.35
2019-03-23 23:40:43.668 INFO [localhost-startStop-1]org.apache.catalina.core.AprLifecycleListener.log:180 -The APR based Apache Tomcat Native library which allows optimal performance in production environments was not found on the java.library.path: [D:\work\java\jdk1.8\bin;C:\windows\Sun\Java\bin;C:\windows\system32;C:\windows;D:/work/java/jdk1.8/bin/../jre/bin/server;D:/work/java/jdk1.8/bin/../jre/bin;D:/work/java/jdk1.8/bin/../jre/lib/amd64;C:\Program Files (x86)\Common Files\Oracle\Java\javapath;C:\windows\system32;C:\windows;C:\windows\System32\Wbem;C:\windows\System32\WindowsPowerShell\v1.0\;C:\windows\System32\OpenSSH\;C:\Program Files (x86)\NVIDIA Corporation\PhysX\Common;C:\Program Files\Intel\WiFi\bin\;C:\Program Files\Common Files\Intel\WirelessCommon\;D:\work\java\jdk1.8\bin;D:\work\Maven\apache-maven-3.6.0\bin;D:\work\Mysql server\bin;C:\Users\61929\AppData\Local\Microsoft\WindowsApps;;D:\work\java\eclipse;;.]
2019-03-23 23:40:43.866 INFO [localhost-startStop-1]o.a.catalina.core.ContainerBase.[Tomcat].[localhost].[/].log:180 -Initializing Spring embedded WebApplicationContext
2019-03-23 23:40:43.866 INFO [localhost-startStop-1]org.springframework.web.context.ContextLoader.prepareWebApplicationContext:296 -Root WebApplicationContext: initialization completed in 2645 ms
2019-03-23 23:40:43.942 INFO [localhost-startStop-1]o.s.boot.web.servlet.ServletRegistrationBean.addRegistration:187 -Servlet dispatcherServlet mapped to [/]
2019-03-23 23:40:43.946 INFO [localhost-startStop-1]o.s.boot.web.servlet.FilterRegistrationBean.configure:245 -Mapping filter: 'characterEncodingFilter' to: [/*]
2019-03-23 23:40:43.946 INFO [localhost-startStop-1]o.s.boot.web.servlet.FilterRegistrationBean.configure:245 -Mapping filter: 'hiddenHttpMethodFilter' to: [/*]
2019-03-23 23:40:43.946 INFO [localhost-startStop-1]o.s.boot.web.servlet.FilterRegistrationBean.configure:245 -Mapping filter: 'httpPutFormContentFilter' to: [/*]
2019-03-23 23:40:43.947 INFO [localhost-startStop-1]o.s.boot.web.servlet.FilterRegistrationBean.configure:245 -Mapping filter: 'requestContextFilter' to: [/*]
2019-03-23 23:40:44.908 INFO [restartedMain]o.s.web.servlet.handler.SimpleUrlHandlerMapping.registerHandler:373 -Mapped URL path [/**/favicon.ico] onto handler of type [class org.springframework.web.servlet.resource.ResourceHttpRequestHandler]
2019-03-23 23:40:45.536 INFO [restartedMain]o.s.w.s.m.method.annotation.RequestMappingHandlerAdapter.initControllerAdviceCache:588 -Looking for @ControllerAdvice: org.springframework.boot.web.servlet.context.AnnotationConfigServletWebServerApplicationContext@277f66b8: startup date [Sat Mar 23 23:40:41 GMT+08:00 2019]; root of context hierarchy
2019-03-23 23:40:45.647 INFO [restartedMain]o.s.w.s.m.method.annotation.RequestMappingHandlerMapping.register:550 -Mapped "{[/dj_library/admin/userList]}" onto public com.djcps.library.common.RetResult<com.djcps.library.model.vo.PageVo> com.djcps.library.controller.AdminController.userList(int)
2019-03-23 23:40:45.649 INFO [restartedMain]o.s.w.s.m.method.annotation.RequestMappingHandlerMapping.register:550 -Mapped "{[/dj_library/admin/autoSortScore]}" onto public com.djcps.library.common.RetResult<com.djcps.library.model.vo.PageVo> com.djcps.library.controller.AdminController.autoSortScore(int)
2019-03-23 23:40:45.650 INFO [restartedMain]o.s.w.s.m.method.annotation.RequestMappingHandlerMapping.register:550 -Mapped "{[/dj_library/admin/updateBook],methods=[POST]}" onto public com.djcps.library.common.RetResult<java.lang.String> com.djcps.library.controller.AdminController.updateBookMsg(org.springframework.web.multipart.MultipartFile,javax.servlet.http.HttpServletRequest)
2019-03-23 23:40:45.651 INFO [restartedMain]o.s.w.s.m.method.annotation.RequestMappingHandlerMapping.register:550 -Mapped "{[/dj_library/admin/getBorrowBookMsg]}" onto public com.djcps.library.common.RetResult<com.djcps.library.model.vo.PageVo> com.djcps.library.controller.AdminController.getBorrowBookMsg(int)
2019-03-23 23:40:45.651 INFO [restartedMain]o.s.w.s.m.method.annotation.RequestMappingHandlerMapping.register:550 -Mapped "{[/dj_library/admin/adminLoginPage],methods=[GET]}" onto public org.springframework.web.servlet.ModelAndView com.djcps.library.controller.AdminController.adminLoginPage()
2019-03-23 23:40:45.652 INFO [restartedMain]o.s.w.s.m.method.annotation.RequestMappingHandlerMapping.register:550 -Mapped "{[/dj_library/admin/returnBookmsg]}" onto public com.djcps.library.common.RetResult<com.djcps.library.model.Book> com.djcps.library.controller.AdminController.returnBookMsg(java.lang.Integer)
2019-03-23 23:40:45.652 INFO [restartedMain]o.s.w.s.m.method.annotation.RequestMappingHandlerMapping.register:550 -Mapped "{[/dj_library/admin/isAllowBorrow]}" onto public com.djcps.library.common.RetResult<java.lang.String> com.djcps.library.controller.AdminController.isAllowBorrow(java.lang.Integer,java.lang.Integer)
2019-03-23 23:40:45.653 INFO [restartedMain]o.s.w.s.m.method.annotation.RequestMappingHandlerMapping.register:550 -Mapped "{[/dj_library/admin/adminLogin]}" onto public com.djcps.library.common.RetResult<java.lang.Object> com.djcps.library.controller.AdminController.adminLogin(java.lang.String,java.lang.String,javax.servlet.http.HttpServletRequest)
2019-03-23 23:40:45.653 INFO [restartedMain]o.s.w.s.m.method.annotation.RequestMappingHandlerMapping.register:550 -Mapped "{[/dj_library/admin/addBook],methods=[POST]}" onto public com.djcps.library.common.RetResult<java.lang.String> com.djcps.library.controller.AdminController.addBookMsg(org.springframework.web.multipart.MultipartFile,javax.servlet.http.HttpServletRequest)
2019-03-23 23:40:45.654 INFO [restartedMain]o.s.w.s.m.method.annotation.RequestMappingHandlerMapping.register:550 -Mapped "{[/dj_library/admin/delBook]}" onto public com.djcps.library.common.RetResult<java.lang.String> com.djcps.library.controller.AdminController.delBook(javax.servlet.http.HttpServletRequest)
2019-03-23 23:40:45.654 INFO [restartedMain]o.s.w.s.m.method.annotation.RequestMappingHandlerMapping.register:550 -Mapped "{[/dj_library/admin/isAdminExist]}" onto public com.djcps.library.common.RetResult<java.lang.String> com.djcps.library.controller.AdminController.adminIsExist(java.lang.String)
2019-03-23 23:40:45.655 INFO [restartedMain]o.s.w.s.m.method.annotation.RequestMappingHandlerMapping.register:550 -Mapped "{[/dj_library/admin/findBookByBarCode]}" onto public com.djcps.library.common.RetResult<com.djcps.library.model.Book> com.djcps.library.controller.AdminController.findBookByBarCode(java.lang.String)
2019-03-23 23:40:45.656 INFO [restartedMain]o.s.w.s.m.method.annotation.RequestMappingHandlerMapping.register:550 -Mapped "{[/dj_library/book/allBook]}" onto public com.djcps.library.common.RetResult<java.util.List<com.djcps.library.model.Book>> com.djcps.library.controller.BookController.allBook()
2019-03-23 23:40:45.657 INFO [restartedMain]o.s.w.s.m.method.annotation.RequestMappingHandlerMapping.register:550 -Mapped "{[/dj_library/book/findHotBook]}" onto public com.djcps.library.common.RetResult<com.djcps.library.model.vo.PageVo> com.djcps.library.controller.BookController.findHotBook(int)
2019-03-23 23:40:45.658 INFO [restartedMain]o.s.w.s.m.method.annotation.RequestMappingHandlerMapping.register:550 -Mapped "{[/dj_library/book/listBook]}" onto public com.djcps.library.common.RetResult<com.djcps.library.model.vo.PageVo> com.djcps.library.controller.BookController.listBookByPageNum(int)
2019-03-23 23:40:45.659 INFO [restartedMain]o.s.w.s.m.method.annotation.RequestMappingHandlerMapping.register:550 -Mapped "{[/dj_library/book/findBookByOnRecently]}" onto public com.djcps.library.common.RetResult<java.util.List<com.djcps.library.model.Book>> com.djcps.library.controller.BookController.findBookByOnRecently()
2019-03-23 23:40:45.659 INFO [restartedMain]o.s.w.s.m.method.annotation.RequestMappingHandlerMapping.register:550 -Mapped "{[/dj_library/book/findBookByOnsaleDate]}" onto public com.djcps.library.common.RetResult<com.djcps.library.model.vo.PageVo> com.djcps.library.controller.BookController.findBookByTheOnSaleDate(int)
2019-03-23 23:40:45.660 INFO [restartedMain]o.s.w.s.m.method.annotation.RequestMappingHandlerMapping.register:550 -Mapped "{[/dj_library/book/getBookListBybookCondition]}" onto public com.djcps.library.common.RetResult<com.djcps.library.model.vo.PageVo> com.djcps.library.controller.BookController.getBookListBybookCondition(java.lang.String,java.lang.String,java.lang.Integer,int)
2019-03-23 23:40:45.661 INFO [restartedMain]o.s.w.s.m.method.annotation.RequestMappingHandlerMapping.register:550 -Mapped "{[/dj_library/borrowing/allBorrowBooksRecordPage]}" onto public com.djcps.library.common.RetResult<com.djcps.library.model.vo.PageVo> com.djcps.library.controller.BorrowingController.allBorrowingBooksRecordPage(int)
2019-03-23 23:40:45.661 INFO [restartedMain]o.s.w.s.m.method.annotation.RequestMappingHandlerMapping.register:550 -Mapped "{[/index]}" onto public org.springframework.web.servlet.ModelAndView com.djcps.library.controller.IndexController.index()
2019-03-23 23:40:45.662 INFO [restartedMain]o.s.w.s.m.method.annotation.RequestMappingHandlerMapping.register:550 -Mapped "{[/]}" onto public org.springframework.web.servlet.ModelAndView com.djcps.library.controller.IndexController.index1()
2019-03-23 23:40:45.663 INFO [restartedMain]o.s.w.s.m.method.annotation.RequestMappingHandlerMapping.register:550 -Mapped "{[/dj_library/login]}" onto public com.djcps.library.common.RetResult<java.lang.Object> com.djcps.library.controller.LoginController.release(javax.servlet.http.HttpServletRequest)
2019-03-23 23:40:45.665 INFO [restartedMain]o.s.w.s.m.method.annotation.RequestMappingHandlerMapping.register:550 -Mapped "{[/dj_library/user/userLogin],methods=[GET || POST]}" onto public com.djcps.library.common.RetResult<java.lang.Object> com.djcps.library.controller.UserController.userLogin(java.lang.String,java.lang.String,javax.servlet.http.HttpServletRequest)
2019-03-23 23:40:45.666 INFO [restartedMain]o.s.w.s.m.method.annotation.RequestMappingHandlerMapping.register:550 -Mapped "{[/dj_library/user/userLogOut],methods=[GET || POST]}" onto public void com.djcps.library.controller.UserController.userLogOut(javax.servlet.http.HttpServletRequest)
2019-03-23 23:40:45.666 INFO [restartedMain]o.s.w.s.m.method.annotation.RequestMappingHandlerMapping.register:550 -Mapped "{[/dj_library/user/borrowingPage],methods=[GET || POST]}" onto public com.djcps.library.common.RetResult<java.lang.String> com.djcps.library.controller.UserController.borrowing()
2019-03-23 23:40:45.667 INFO [restartedMain]o.s.w.s.m.method.annotation.RequestMappingHandlerMapping.register:550 -Mapped "{[/dj_library/user/isRightPassword],methods=[GET || POST]}" onto public com.djcps.library.common.RetResult<java.lang.String> com.djcps.library.controller.UserController.isRightPassword(java.lang.String,java.lang.String)
2019-03-23 23:40:45.667 INFO [restartedMain]o.s.w.s.m.method.annotation.RequestMappingHandlerMapping.register:550 -Mapped "{[/dj_library/user/returnBook],methods=[GET || POST]}" onto public com.djcps.library.common.RetResult<java.lang.String> com.djcps.library.controller.UserController.userReturnBook(java.lang.Integer)
2019-03-23 23:40:45.667 INFO [restartedMain]o.s.w.s.m.method.annotation.RequestMappingHandlerMapping.register:550 -Mapped "{[/dj_library/user/userMessagePage],methods=[GET || POST]}" onto public com.djcps.library.common.RetResult<com.djcps.library.model.User> com.djcps.library.controller.UserController.userMessagePage(javax.servlet.http.HttpServletRequest)
2019-03-23 23:40:45.668 INFO [restartedMain]o.s.w.s.m.method.annotation.RequestMappingHandlerMapping.register:550 -Mapped "{[/dj_library/user/borrowing],methods=[GET || POST]}" onto public com.djcps.library.common.RetResult<java.lang.String> com.djcps.library.controller.UserController.userBorrowBook(javax.servlet.http.HttpServletRequest)
2019-03-23 23:40:45.668 INFO [restartedMain]o.s.w.s.m.method.annotation.RequestMappingHandlerMapping.register:550 -Mapped "{[/dj_library/user/isUserExist],methods=[GET || POST]}" onto public com.djcps.library.common.RetResult<java.lang.String> com.djcps.library.controller.UserController.isUserExist(java.lang.String)
2019-03-23 23:40:45.669 INFO [restartedMain]o.s.w.s.m.method.annotation.RequestMappingHandlerMapping.register:550 -Mapped "{[/dj_library/user/userRegister],methods=[GET || POST]}" onto public com.djcps.library.common.RetResult<java.lang.String> com.djcps.library.controller.UserController.registerUser(java.lang.String,java.lang.String,java.lang.String)
2019-03-23 23:40:45.669 INFO [restartedMain]o.s.w.s.m.method.annotation.RequestMappingHandlerMapping.register:550 -Mapped "{[/dj_library/user/findBooksByBookName],methods=[GET || POST]}" onto public com.djcps.library.common.RetResult<java.util.List<com.djcps.library.model.Book>> com.djcps.library.controller.UserController.findBooksByBookName(javax.servlet.http.HttpServletRequest)
2019-03-23 23:40:45.670 INFO [restartedMain]o.s.w.s.m.method.annotation.RequestMappingHandlerMapping.register:550 -Mapped "{[/dj_library/user/updateUserByphone],methods=[GET || POST]}" onto public com.djcps.library.common.RetResult<java.lang.String> com.djcps.library.controller.UserController.updateUserByphone(java.lang.String,java.lang.String,java.lang.String)
2019-03-23 23:40:45.670 INFO [restartedMain]o.s.w.s.m.method.annotation.RequestMappingHandlerMapping.register:550 -Mapped "{[/dj_library/user/continueBorrowBook],methods=[GET || POST]}" onto public com.djcps.library.common.RetResult<java.lang.String> com.djcps.library.controller.UserController.continueBorrowBook(javax.servlet.http.HttpServletRequest)
2019-03-23 23:40:45.671 INFO [restartedMain]o.s.w.s.m.method.annotation.RequestMappingHandlerMapping.register:550 -Mapped "{[/dj_library/user/getBorrowedMsgBybookId],methods=[GET || POST]}" onto public com.djcps.library.common.RetResult<com.djcps.library.model.vo.BookVo> com.djcps.library.controller.UserController.getBorrowedMsgBybookId(java.lang.Integer)
2019-03-23 23:40:45.671 INFO [restartedMain]o.s.w.s.m.method.annotation.RequestMappingHandlerMapping.register:550 -Mapped "{[/dj_library/user/getBorrowBookMsgByUserId],methods=[GET || POST]}" onto public com.djcps.library.common.RetResult<com.djcps.library.model.vo.PageVo> com.djcps.library.controller.UserController.getBorrowBookMsgByUserId(int,javax.servlet.http.HttpServletRequest)
2019-03-23 23:40:45.674 INFO [restartedMain]o.s.w.s.m.method.annotation.RequestMappingHandlerMapping.register:550 -Mapped "{[/error]}" onto public org.springframework.http.ResponseEntity<java.util.Map<java.lang.String, java.lang.Object>> org.springframework.boot.autoconfigure.web.servlet.error.BasicErrorController.error(javax.servlet.http.HttpServletRequest)
2019-03-23 23:40:45.676 INFO [restartedMain]o.s.w.s.m.method.annotation.RequestMappingHandlerMapping.register:550 -Mapped "{[/error],produces=[text/html]}" onto public org.springframework.web.servlet.ModelAndView org.springframework.boot.autoconfigure.web.servlet.error.BasicErrorController.errorHtml(javax.servlet.http.HttpServletRequest,javax.servlet.http.HttpServletResponse)
2019-03-23 23:40:45.709 INFO [restartedMain]o.s.web.servlet.handler.SimpleUrlHandlerMapping.registerHandler:373 -Mapped URL path [/webjars/**] onto handler of type [class org.springframework.web.servlet.resource.ResourceHttpRequestHandler]
2019-03-23 23:40:45.709 INFO [restartedMain]o.s.web.servlet.handler.SimpleUrlHandlerMapping.registerHandler:373 -Mapped URL path [/**] onto handler of type [class org.springframework.web.servlet.resource.ResourceHttpRequestHandler]
2019-03-23 23:40:45.737 INFO [restartedMain]o.s.w.s.m.m.annotation.ExceptionHandlerExceptionResolver.initExceptionHandlerAdviceCache:288 -Detected @ExceptionHandler methods in controllerExceptionHandleAdvice
2019-03-23 23:40:45.793 WARN [restartedMain]o.s.b.a.t.ThymeleafAutoConfiguration$DefaultTemplateResolverConfiguration.checkTemplateLocationExists:107 -Cannot find template location: classpath:/templates/ (please add some templates or check your Thymeleaf configuration)
2019-03-23 23:40:45.802 WARN [restartedMain]org.thymeleaf.templatemode.TemplateMode.parse:150 -[THYMELEAF][restartedMain] Template Mode 'HTML5' is deprecated. Using Template Mode 'HTML' instead.
2019-03-23 23:40:46.805 INFO [restartedMain]o.s.boot.devtools.autoconfigure.OptionalLiveReloadServer.startServer:57 -LiveReload server is running on port 35729
2019-03-23 23:40:46.851 INFO [restartedMain]o.s.jmx.export.annotation.AnnotationMBeanExporter.afterSingletonsInstantiated:433 -Registering beans for JMX exposure on startup
2019-03-23 23:40:46.853 INFO [restartedMain]o.s.jmx.export.annotation.AnnotationMBeanExporter.autodetect:895 -Bean with name 'dataSource' has been autodetected for JMX exposure
2019-03-23 23:40:46.859 INFO [restartedMain]o.s.jmx.export.annotation.AnnotationMBeanExporter.registerBeanInstance:668 -Located MBean 'dataSource': registering with JMX server as MBean [com.alibaba.druid.pool:name=dataSource,type=DruidDataSource]
2019-03-23 23:40:46.881 INFO [restartedMain]org.apache.coyote.http11.Http11NioProtocol.log:180 -Starting ProtocolHandler ["http-nio-8080"]
2019-03-23 23:40:46.918 INFO [restartedMain]org.apache.tomcat.util.net.NioSelectorPool.log:180 -Using a shared selector for servlet write/read
2019-03-23 23:40:46.953 INFO [restartedMain]o.s.boot.web.embedded.tomcat.TomcatWebServer.start:206 -Tomcat started on port(s): 8080 (http) with context path ''
2019-03-23 23:40:46.957 INFO [restartedMain]com.djcps.library.Run.logStarted:59 -Started Run in 6.382 seconds (JVM running for 6.994)
2019-03-23 23:42:17.770 INFO [http-nio-8080-exec-3]o.a.catalina.core.ContainerBase.[Tomcat].[localhost].[/].log:180 -Initializing Spring FrameworkServlet 'dispatcherServlet'
2019-03-23 23:42:17.770 INFO [http-nio-8080-exec-3]org.springframework.web.servlet.DispatcherServlet.initServletBean:497 -FrameworkServlet 'dispatcherServlet': initialization started
2019-03-23 23:42:17.810 INFO [http-nio-8080-exec-3]org.springframework.web.servlet.DispatcherServlet.initServletBean:512 -FrameworkServlet 'dispatcherServlet': initialization completed in 40 ms
2019-03-23 23:42:35.894 INFO [http-nio-8080-exec-2]com.alibaba.druid.pool.DruidDataSource.init:655 -{dataSource-1} inited
2019-03-23 23:42:36.192 DEBUG[http-nio-8080-exec-2]com.djcps.library.mapper.AdminMapper.adminIsExist.debug:145 -==>  Preparing: select * from p_admin where admin_phone = ? ; 
2019-03-23 23:42:36.209 DEBUG[http-nio-8080-exec-2]com.djcps.library.mapper.AdminMapper.adminIsExist.debug:145 -==> Parameters: 15669711837(String)
2019-03-23 23:42:36.229 DEBUG[http-nio-8080-exec-2]com.djcps.library.mapper.AdminMapper.adminIsExist.debug:145 -<==      Total: 1
